mode: atomic
github.com/nevotheless/omar/cmd/omar/install.go:12.37,26.55 5 0
github.com/nevotheless/omar/cmd/omar/install.go:26.55,27.13 1 0
github.com/nevotheless/omar/cmd/omar/install.go:27.13,28.19 1 0
github.com/nevotheless/omar/cmd/omar/install.go:28.19,30.6 1 0
github.com/nevotheless/omar/cmd/omar/install.go:31.4,31.45 1 0
github.com/nevotheless/omar/cmd/omar/install.go:33.3,33.41 1 0
github.com/nevotheless/omar/cmd/omar/install.go:37.2,41.12 5 0
github.com/nevotheless/omar/cmd/omar/install.go:44.59,45.16 1 4
github.com/nevotheless/omar/cmd/omar/install.go:45.16,47.3 1 1
github.com/nevotheless/omar/cmd/omar/install.go:48.2,48.19 1 3
github.com/nevotheless/omar/cmd/omar/install.go:48.19,50.3 1 1
github.com/nevotheless/omar/cmd/omar/install.go:52.2,56.14 4 2
github.com/nevotheless/omar/cmd/omar/install.go:56.14,57.50 1 1
github.com/nevotheless/omar/cmd/omar/install.go:57.50,59.4 1 0
github.com/nevotheless/omar/cmd/omar/install.go:62.2,62.35 1 2
github.com/nevotheless/omar/cmd/omar/install.go:69.40,73.16 4 0
github.com/nevotheless/omar/cmd/omar/install.go:73.16,75.3 1 0
github.com/nevotheless/omar/cmd/omar/install.go:76.2,76.19 1 0
github.com/nevotheless/omar/cmd/omar/install.go:76.19,78.3 1 0
github.com/nevotheless/omar/cmd/omar/install.go:79.2,79.12 1 0
github.com/nevotheless/omar/cmd/omar/install.go:82.13,84.44 2 1
github.com/nevotheless/omar/cmd/omar/install.go:84.44,85.48 1 0
github.com/nevotheless/omar/cmd/omar/install.go:85.48,85.62 1 0
github.com/nevotheless/omar/cmd/omar/main.go:9.13,27.39 8 0
github.com/nevotheless/omar/cmd/omar/main.go:27.39,29.3 1 0
github.com/nevotheless/omar/cmd/omar/pkg.go:10.33,23.55 2 0
github.com/nevotheless/omar/cmd/omar/pkg.go:23.55,25.4 1 0
github.com/nevotheless/omar/cmd/omar/pkg.go:28.2,31.55 1 0
github.com/nevotheless/omar/cmd/omar/pkg.go:31.55,33.18 2 0
github.com/nevotheless/omar/cmd/omar/pkg.go:33.18,35.5 1 0
github.com/nevotheless/omar/cmd/omar/pkg.go:36.4,36.22 1 0
github.com/nevotheless/omar/cmd/omar/pkg.go:36.22,39.5 2 0
github.com/nevotheless/omar/cmd/omar/pkg.go:40.4,41.27 2 0
github.com/nevotheless/omar/cmd/omar/pkg.go:41.27,43.5 1 0
github.com/nevotheless/omar/cmd/omar/pkg.go:44.4,44.14 1 0
github.com/nevotheless/omar/cmd/omar/pkg.go:48.2,48.12 1 0
github.com/nevotheless/omar/cmd/omar/rollback.go:10.38,16.55 1 0
github.com/nevotheless/omar/cmd/omar/rollback.go:16.55,17.44 1 0
github.com/nevotheless/omar/cmd/omar/rollback.go:17.44,19.5 1 0
github.com/nevotheless/omar/cmd/omar/rollback.go:20.4,21.14 2 0
github.com/nevotheless/omar/cmd/omar/status.go:10.36,14.55 1 0
github.com/nevotheless/omar/cmd/omar/status.go:14.55,16.18 2 0
github.com/nevotheless/omar/cmd/omar/status.go:16.18,18.5 1 0
github.com/nevotheless/omar/cmd/omar/status.go:20.4,23.19 4 0
github.com/nevotheless/omar/cmd/omar/status.go:23.19,25.5 1 0
github.com/nevotheless/omar/cmd/omar/status.go:26.4,30.14 5 0
github.com/nevotheless/omar/cmd/omar/update.go:10.36,16.55 1 0
github.com/nevotheless/omar/cmd/omar/update.go:16.55,18.18 2 0
github.com/nevotheless/omar/cmd/omar/update.go:18.18,20.5 1 0
github.com/nevotheless/omar/cmd/omar/update.go:22.4,26.41 4 0
github.com/nevotheless/omar/cmd/omar/update.go:26.41,28.5 1 0
github.com/nevotheless/omar/cmd/omar/update.go:29.4,29.14 1 0
github.com/nevotheless/omar/cmd/omar/version.go:19.37,23.55 1 2
github.com/nevotheless/omar/cmd/omar/version.go:23.55,28.16 3 2
github.com/nevotheless/omar/cmd/omar/version.go:28.16,30.19 2 1
github.com/nevotheless/omar/cmd/omar/version.go:30.19,34.6 3 1
github.com/nevotheless/omar/cmd/omar/version.go:34.11,36.6 1 0
github.com/nevotheless/omar/cmd/omar/version.go:37.5,38.26 2 1
github.com/nevotheless/omar/cmd/omar/version.go:38.26,40.6 1 0
github.com/nevotheless/omar/cmd/omar/version.go:41.5,42.15 2 1
github.com/nevotheless/omar/cmd/omar/version.go:45.4,45.18 1 1
github.com/nevotheless/omar/cmd/omar/version.go:45.18,48.5 2 0
github.com/nevotheless/omar/cmd/omar/version.go:49.4,51.26 3 1
github.com/nevotheless/omar/cmd/omar/version.go:51.26,53.5 1 0
github.com/nevotheless/omar/cmd/omar/version.go:54.4,54.14 1 1
github.com/nevotheless/omar/cmd/omar/version.go:58.2,59.12 2 2
github.com/nevotheless/omar/internal/image/info.go:19.31,22.24 2 3
github.com/nevotheless/omar/internal/image/info.go:22.24,25.3 2 3
github.com/nevotheless/omar/internal/image/info.go:27.2,28.16 2 0
github.com/nevotheless/omar/internal/image/info.go:28.16,30.3 1 0
github.com/nevotheless/omar/internal/image/info.go:32.2,32.26 1 0
github.com/nevotheless/omar/internal/image/info.go:32.26,37.3 4 0
github.com/nevotheless/omar/internal/image/info.go:38.2,41.18 3 0
github.com/nevotheless/omar/internal/image/info.go:44.26,46.2 1 1
github.com/nevotheless/omar/internal/image/info.go:48.22,50.16 2 2
github.com/nevotheless/omar/internal/image/info.go:50.16,52.3 1 0
github.com/nevotheless/omar/internal/image/info.go:53.2,55.14 3 2
github.com/nevotheless/omar/internal/image/info.go:55.14,57.3 1 0
github.com/nevotheless/omar/internal/image/info.go:58.2,61.10 4 2
github.com/nevotheless/omar/internal/bootc/bootc.go:27.36,30.16 3 0
github.com/nevotheless/omar/internal/bootc/bootc.go:30.16,32.3 1 0
github.com/nevotheless/omar/internal/bootc/bootc.go:33.2,34.48 2 0
github.com/nevotheless/omar/internal/bootc/bootc.go:34.48,36.3 1 0
github.com/nevotheless/omar/internal/bootc/bootc.go:37.2,37.16 1 0
github.com/nevotheless/omar/internal/bootc/bootc.go:40.33,45.2 4 0
github.com/nevotheless/omar/internal/bootc/bootc.go:47.22,52.2 4 0
github.com/nevotheless/omar/internal/bootc/bootc.go:54.23,59.2 4 0
github.com/nevotheless/omar/internal/bootc/bootc.go:61.40,63.17 2 0
github.com/nevotheless/omar/internal/bootc/bootc.go:63.17,65.3 1 0
github.com/nevotheless/omar/internal/bootc/bootc.go:66.2,69.18 4 0
github.com/nevotheless/omar/internal/bootc/bootc.go:72.22,75.2 2 0
github.com/nevotheless/omar/internal/bootc/bootc.go:77.23,80.2 2 0
github.com/nevotheless/omar/internal/bootc/bootc.go:82.27,88.2 5 0
github.com/nevotheless/omar/internal/update/updater.go:37.31,40.24 2 1
github.com/nevotheless/omar/internal/update/updater.go:40.24,42.3 1 1
github.com/nevotheless/omar/internal/update/updater.go:44.2,45.16 2 0
github.com/nevotheless/omar/internal/update/updater.go:45.16,47.3 1 0
github.com/nevotheless/omar/internal/update/updater.go:49.2,49.26 1 0
github.com/nevotheless/omar/internal/update/updater.go:49.26,52.3 2 0
github.com/nevotheless/omar/internal/update/updater.go:54.2,55.26 2 0
github.com/nevotheless/omar/internal/update/updater.go:55.26,58.3 2 0
github.com/nevotheless/omar/internal/update/updater.go:60.2,60.37 1 0
github.com/nevotheless/omar/internal/update/updater.go:60.37,63.17 3 0
github.com/nevotheless/omar/internal/update/updater.go:63.17,65.4 1 0
github.com/nevotheless/omar/internal/update/updater.go:66.3,66.16 1 0
github.com/nevotheless/omar/internal/update/updater.go:66.16,69.4 2 0
github.com/nevotheless/omar/internal/update/updater.go:70.3,70.47 1 0
github.com/nevotheless/omar/internal/update/updater.go:73.2,74.15 2 0
github.com/nevotheless/omar/internal/update/updater.go:81.63,83.65 1 3
github.com/nevotheless/omar/internal/update/updater.go:83.65,85.3 1 1
github.com/nevotheless/omar/internal/update/updater.go:85.8,85.23 1 2
github.com/nevotheless/omar/internal/update/updater.go:85.23,88.3 1 1
github.com/nevotheless/omar/internal/update/updater.go:92.2,92.17 1 1
github.com/nevotheless/omar/internal/update/updater.go:92.17,94.3 1 1
github.com/nevotheless/omar/internal/update/updater.go:96.2,96.113 1 0
github.com/nevotheless/omar/internal/update/updater.go:99.51,102.16 3 3
github.com/nevotheless/omar/internal/update/updater.go:102.16,105.3 1 1
github.com/nevotheless/omar/internal/update/updater.go:107.2,111.64 3 2
github.com/nevotheless/omar/internal/update/updater.go:111.64,112.29 1 1
github.com/nevotheless/omar/internal/update/updater.go:112.29,114.4 1 1
github.com/nevotheless/omar/internal/update/updater.go:115.3,115.24 1 0
github.com/nevotheless/omar/internal/update/updater.go:119.2,121.48 1 1
github.com/nevotheless/omar/internal/update/updater.go:121.48,123.3 1 1
github.com/nevotheless/omar/internal/update/updater.go:126.2,126.18 1 0
github.com/nevotheless/omar/internal/update/updater.go:126.18,128.3 1 0
github.com/nevotheless/omar/internal/update/updater.go:130.2,130.23 1 0
github.com/nevotheless/omar/internal/update/updater.go:133.64,139.16 4 1
github.com/nevotheless/omar/internal/update/updater.go:139.16,141.3 1 0
github.com/nevotheless/omar/internal/update/updater.go:144.2,150.55 2 1
github.com/nevotheless/omar/internal/update/updater.go:150.55,152.3 1 0
github.com/nevotheless/omar/internal/update/updater.go:155.2,156.35 2 1
github.com/nevotheless/omar/internal/update/updater.go:156.35,158.20 2 1
github.com/nevotheless/omar/internal/update/updater.go:158.20,160.4 1 0
github.com/nevotheless/omar/internal/update/updater.go:162.2,162.50 1 1
github.com/nevotheless/omar/internal/update/updater.go:162.50,164.3 1 0
github.com/nevotheless/omar/internal/update/updater.go:166.2,166.19 1 1
github.com/nevotheless/omar/internal/update/updater.go:166.19,168.3 1 1
github.com/nevotheless/omar/internal/update/updater.go:170.2,170.68 1 0
github.com/nevotheless/omar/internal/update/updater.go:173.23,176.2 2 1
github.com/nevotheless/omar/internal/update/updater.go:180.43,184.33 2 4
github.com/nevotheless/omar/internal/update/updater.go:184.33,186.3 1 1
github.com/nevotheless/omar/internal/update/updater.go:187.2,187.12 1 4
github.com/nevotheless/omar/internal/update/updater.go:190.20,191.24 1 0
github.com/nevotheless/omar/internal/update/updater.go:191.24,193.3 1 0
github.com/nevotheless/omar/internal/update/updater.go:195.2,196.40 2 0
github.com/nevotheless/omar/internal/update/updater.go:196.40,198.3 1 0
github.com/nevotheless/omar/internal/update/updater.go:200.2,203.12 4 0
github.com/nevotheless/omar/internal/update/updater.go:206.23,207.24 1 0
github.com/nevotheless/omar/internal/update/updater.go:207.24,209.3 1 0
github.com/nevotheless/omar/internal/update/updater.go:211.2,212.41 2 0
github.com/nevotheless/omar/internal/update/updater.go:212.41,214.3 1 0
github.com/nevotheless/omar/internal/update/updater.go:216.2,218.12 3 0
github.com/nevotheless/omar/internal/pkg/pkg.go:39.33,40.22 1 0
github.com/nevotheless/omar/internal/pkg/pkg.go:40.22,42.3 1 0
github.com/nevotheless/omar/internal/pkg/pkg.go:44.2,47.31 3 0
github.com/nevotheless/omar/internal/pkg/pkg.go:47.31,49.3 1 0
github.com/nevotheless/omar/internal/pkg/pkg.go:50.2,50.31 1 0
github.com/nevotheless/omar/internal/pkg/pkg.go:50.31,52.3 1 0
github.com/nevotheless/omar/internal/pkg/pkg.go:54.2,54.25 1 0
github.com/nevotheless/omar/internal/pkg/pkg.go:57.32,61.17 3 0
github.com/nevotheless/omar/internal/pkg/pkg.go:62.22,63.29 1 0
github.com/nevotheless/omar/internal/pkg/pkg.go:64.24,65.31 1 0
github.com/nevotheless/omar/internal/pkg/pkg.go:66.10,67.55 1 0
github.com/nevotheless/omar/internal/pkg/pkg.go:71.31,81.2 6 0
github.com/nevotheless/omar/internal/pkg/pkg.go:83.24,86.2 2 0
github.com/nevotheless/omar/internal/pkg/pkg.go:88.26,91.2 2 0
github.com/nevotheless/omar/internal/pkg/pkg.go:93.39,98.2 4 0
github.com/nevotheless/omar/internal/pkg/pkg.go:100.41,107.2 6 0
github.com/nevotheless/omar/internal/pkg/pkg.go:109.50,112.16 3 0
github.com/nevotheless/omar/internal/pkg/pkg.go:112.16,114.3 1 0
github.com/nevotheless/omar/internal/pkg/pkg.go:115.2,115.41 1 0
github.com/nevotheless/omar/internal/pkg/pkg.go:115.41,117.3 1 0
github.com/nevotheless/omar/internal/pkg/pkg.go:118.2,122.21 5 0
github.com/nevotheless/omar/internal/pkg/pkg.go:125.38,128.16 3 0
github.com/nevotheless/omar/internal/pkg/pkg.go:128.16,130.3 1 0
github.com/nevotheless/omar/internal/pkg/pkg.go:131.2,133.26 3 0
github.com/nevotheless/omar/internal/pkg/pkg.go:133.26,134.39 1 0
github.com/nevotheless/omar/internal/pkg/pkg.go:134.39,136.4 1 0
github.com/nevotheless/omar/internal/pkg/pkg.go:138.2,138.18 1 0
github.com/nevotheless/omar/internal/pkg/pkg.go:141.40,144.16 3 0
github.com/nevotheless/omar/internal/pkg/pkg.go:144.16,146.3 1 0
github.com/nevotheless/omar/internal/pkg/pkg.go:147.2,149.26 3 0
github.com/nevotheless/omar/internal/pkg/pkg.go:149.26,150.45 1 0
github.com/nevotheless/omar/internal/pkg/pkg.go:150.45,152.4 1 0
github.com/nevotheless/omar/internal/pkg/pkg.go:154.2,154.18 1 0
github.com/nevotheless/omar/internal/pkg/pkg.go:157.37,158.11 1 0
github.com/nevotheless/omar/internal/pkg/pkg.go:159.22,160.19 1 0
github.com/nevotheless/omar/internal/pkg/pkg.go:161.24,162.21 1 0
github.com/nevotheless/omar/internal/pkg/pkg.go:163.10,164.19 1 0
github.com/nevotheless/omar/internal/convert/convert.go:26.41,27.17 1 0
github.com/nevotheless/omar/internal/convert/convert.go:27.17,29.3 1 0
github.com/nevotheless/omar/internal/convert/convert.go:30.2,32.23 2 0
github.com/nevotheless/omar/internal/convert/convert.go:32.23,35.3 2 0
github.com/nevotheless/omar/internal/convert/convert.go:37.2,42.15 5 0
github.com/nevotheless/omar/internal/convert/convert.go:42.15,44.3 1 0
github.com/nevotheless/omar/internal/convert/convert.go:45.2,45.19 1 0
github.com/nevotheless/omar/internal/convert/convert.go:45.19,47.3 1 0
github.com/nevotheless/omar/internal/convert/convert.go:48.2,48.26 1 0
github.com/nevotheless/omar/internal/convert/convert.go:48.26,50.3 1 0
github.com/nevotheless/omar/internal/convert/convert.go:52.2,53.15 2 0
github.com/nevotheless/omar/internal/convert/convert.go:56.48,58.16 2 0
github.com/nevotheless/omar/internal/convert/convert.go:58.16,60.3 1 0
github.com/nevotheless/omar/internal/convert/convert.go:62.2,69.22 7 0
github.com/nevotheless/omar/internal/convert/convert.go:69.22,71.37 2 0
github.com/nevotheless/omar/internal/convert/convert.go:71.37,73.4 1 0
github.com/nevotheless/omar/internal/convert/convert.go:74.3,74.59 1 0
github.com/nevotheless/omar/internal/convert/convert.go:77.2,77.20 1 0
github.com/nevotheless/omar/internal/convert/convert.go:77.20,79.46 2 0
github.com/nevotheless/omar/internal/convert/convert.go:79.46,81.4 1 0
github.com/nevotheless/omar/internal/convert/convert.go:84.2,87.49 3 0
github.com/nevotheless/omar/internal/convert/convert.go:87.49,89.3 1 0
github.com/nevotheless/omar/internal/convert/convert.go:91.2,99.12 9 0
github.com/nevotheless/omar/internal/convert/convert.go:102.22,103.50 1 0
github.com/nevotheless/omar/internal/convert/convert.go:103.50,104.20 1 0
github.com/nevotheless/omar/internal/convert/convert.go:104.20,106.4 1 0
github.com/nevotheless/omar/internal/convert/convert.go:108.2,108.14 1 0
github.com/nevotheless/omar/internal/convert/convert.go:111.31,113.52 2 0
github.com/nevotheless/omar/internal/convert/convert.go:113.52,115.3 1 0
github.com/nevotheless/omar/internal/convert/convert.go:117.2,117.28 1 0
github.com/nevotheless/omar/internal/convert/convert.go:120.26,121.84 1 0
github.com/nevotheless/omar/internal/convert/convert.go:121.84,123.3 1 0
github.com/nevotheless/omar/internal/convert/convert.go:124.2,124.67 1 0
github.com/nevotheless/omar/internal/convert/convert.go:124.67,126.3 1 0
github.com/nevotheless/omar/internal/convert/convert.go:127.2,127.14 1 0
github.com/nevotheless/omar/internal/convert/convert.go:130.26,132.51 2 0
github.com/nevotheless/omar/internal/convert/convert.go:132.51,134.3 1 0
github.com/nevotheless/omar/internal/convert/convert.go:135.2,136.25 2 0
github.com/nevotheless/omar/internal/convert/convert.go:139.38,141.16 2 0
github.com/nevotheless/omar/internal/convert/convert.go:141.16,143.3 1 0
github.com/nevotheless/omar/internal/convert/convert.go:144.2,144.58 1 0
github.com/nevotheless/omar/internal/convert/convert.go:147.23,148.62 1 0
github.com/nevotheless/omar/internal/convert/convert.go:148.62,150.33 2 0
github.com/nevotheless/omar/internal/convert/convert.go:150.33,152.4 1 0
github.com/nevotheless/omar/internal/convert/convert.go:154.2,154.11 1 0
